Start testing: Jul 08 22:49 CEST
----------------------------------------------------------
1/9 Testing: CsvReaderTests
1/9 Test: CsvReaderTests
Command: "/Users/lorenzo/work/optiflow/build/tests/CsvReaderTests"
Directory: /Users/lorenzo/work/optiflow/build/tests
"CsvReaderTests" start time: Jul 08 22:49 CEST
Output:
----------------------------------------------------------
<end of output>
Test time =   0.01 sec
----------------------------------------------------------
Test Passed.
"CsvReaderTests" end time: Jul 08 22:49 CEST
"CsvReaderTests" time elapsed: 00:00:00
----------------------------------------------------------

2/9 Testing: StateGridTests
2/9 Test: StateGridTests
Command: "/Users/lorenzo/work/optiflow/build/tests/StateGridTests"
Directory: /Users/lorenzo/work/optiflow/build/tests
"StateGridTests" start time: Jul 08 22:49 CEST
Output:
----------------------------------------------------------
<end of output>
Test time =   0.01 sec
----------------------------------------------------------
Test Passed.
"StateGridTests" end time: Jul 08 22:49 CEST
"StateGridTests" time elapsed: 00:00:00
----------------------------------------------------------

3/9 Testing: ActionGridTests
3/9 Test: ActionGridTests
Command: "/Users/lorenzo/work/optiflow/build/tests/ActionGridTests"
Directory: /Users/lorenzo/work/optiflow/build/tests
"ActionGridTests" start time: Jul 08 22:49 CEST
Output:
----------------------------------------------------------
<end of output>
Test time =   0.01 sec
----------------------------------------------------------
Test Passed.
"ActionGridTests" end time: Jul 08 22:49 CEST
"ActionGridTests" time elapsed: 00:00:00
----------------------------------------------------------

4/9 Testing: ValueFunctionTests
4/9 Test: ValueFunctionTests
Command: "/Users/lorenzo/work/optiflow/build/tests/ValueFunctionTests"
Directory: /Users/lorenzo/work/optiflow/build/tests
"ValueFunctionTests" start time: Jul 08 22:49 CEST
Output:
----------------------------------------------------------
<end of output>
Test time =   0.01 sec
----------------------------------------------------------
Test Passed.
"ValueFunctionTests" end time: Jul 08 22:49 CEST
"ValueFunctionTests" time elapsed: 00:00:00
----------------------------------------------------------

5/9 Testing: InterpolatorTests
5/9 Test: InterpolatorTests
Command: "/Users/lorenzo/work/optiflow/build/tests/InterpolatorTests"
Directory: /Users/lorenzo/work/optiflow/build/tests
"InterpolatorTests" start time: Jul 08 22:49 CEST
Output:
----------------------------------------------------------
<end of output>
Test time =   0.01 sec
----------------------------------------------------------
Test Passed.
"InterpolatorTests" end time: Jul 08 22:49 CEST
"InterpolatorTests" time elapsed: 00:00:00
----------------------------------------------------------

6/9 Testing: TerminalPenaltyModelTests
6/9 Test: TerminalPenaltyModelTests
Command: "/Users/lorenzo/work/optiflow/build/tests/TerminalPenaltyModelTests"
Directory: /Users/lorenzo/work/optiflow/build/tests
"TerminalPenaltyModelTests" start time: Jul 08 22:49 CEST
Output:
----------------------------------------------------------
<end of output>
Test time =   0.01 sec
----------------------------------------------------------
Test Passed.
"TerminalPenaltyModelTests" end time: Jul 08 22:49 CEST
"TerminalPenaltyModelTests" time elapsed: 00:00:00
----------------------------------------------------------

7/9 Testing: PumpedStorageModelTests
7/9 Test: PumpedStorageModelTests
Command: "/Users/lorenzo/work/optiflow/build/tests/PumpedStorageModelTests"
Directory: /Users/lorenzo/work/optiflow/build/tests
"PumpedStorageModelTests" start time: Jul 08 22:49 CEST
Output:
----------------------------------------------------------
<end of output>
Test time =   0.01 sec
----------------------------------------------------------
Test Passed.
"PumpedStorageModelTests" end time: Jul 08 22:49 CEST
"PumpedStorageModelTests" time elapsed: 00:00:00
----------------------------------------------------------

8/9 Testing: BellmanSolverTests
8/9 Test: BellmanSolverTests
Command: "/Users/lorenzo/work/optiflow/build/tests/BellmanSolverTests"
Directory: /Users/lorenzo/work/optiflow/build/tests
"BellmanSolverTests" start time: Jul 08 22:49 CEST
Output:
----------------------------------------------------------
<end of output>
Test time =   0.01 sec
----------------------------------------------------------
Test Passed.
"BellmanSolverTests" end time: Jul 08 22:49 CEST
"BellmanSolverTests" time elapsed: 00:00:00
----------------------------------------------------------

9/9 Testing: ForwardSimulatorTests
9/9 Test: ForwardSimulatorTests
Command: "/Users/lorenzo/work/optiflow/build/tests/ForwardSimulatorTests"
Directory: /Users/lorenzo/work/optiflow/build/tests
"ForwardSimulatorTests" start time: Jul 08 22:49 CEST
Output:
----------------------------------------------------------
<end of output>
Test time =   0.01 sec
----------------------------------------------------------
Test Passed.
"ForwardSimulatorTests" end time: Jul 08 22:49 CEST
"ForwardSimulatorTests" time elapsed: 00:00:00
----------------------------------------------------------

End testing: Jul 08 22:49 CEST
